{"D:\\WebstormProjects\\rs-1\\my-react-app\\src\\App.tsx": {"path":"D:\\WebstormProjects\\rs-1\\my-react-app\\src\\App.tsx","statementMap":{"0":{"start":{"line":25,"column":2},"end":{"line":33,"column":null}},"1":{"start":{"line":18,"column":4},"end":{"line":18,"column":null}},"2":{"start":{"line":19,"column":4},"end":{"line":22,"column":null}},"3":{"start":{"line":26,"column":4},"end":{"line":26,"column":null}},"4":{"start":{"line":27,"column":4},"end":{"line":33,"column":null}},"5":{"start":{"line":28,"column":24},"end":{"line":28,"column":39}},"6":{"start":{"line":29,"column":20},"end":{"line":29,"column":76}},"7":{"start":{"line":31,"column":2},"end":{"line":31,"column":null}},"8":{"start":{"line":32,"column":2},"end":{"line":32,"column":null}},"9":{"start":{"line":40,"column":4},"end":{"line":52,"column":null}}},"fnMap":{"0":{"name":"(anonymous_0)","decl":{"start":{"line":17,"column":2},"end":{"line":17,"column":14}},"loc":{"start":{"line":17,"column":24},"end":{"line":22,"column":null}},"line":17},"1":{"name":"(anonymous_1)","decl":{"start":{"line":25,"column":2},"end":{"line":25,"column":18}},"loc":{"start":{"line":25,"column":35},"end":{"line":33,"column":null}},"line":25},"2":{"name":"(anonymous_2)","decl":{"start":{"line":28,"column":5},"end":{"line":28,"column":11}},"loc":{"start":{"line":28,"column":24},"end":{"line":28,"column":39}},"line":28},"3":{"name":"(anonymous_3)","decl":{"start":{"line":29,"column":5},"end":{"line":29,"column":11}},"loc":{"start":{"line":29,"column":20},"end":{"line":29,"column":76}},"line":29},"4":{"name":"(anonymous_4)","decl":{"start":{"line":30,"column":5},"end":{"line":30,"column":12}},"loc":{"start":{"line":30,"column":22},"end":{"line":33,"column":null}},"line":30},"5":{"name":"(anonymous_5)","decl":{"start":{"line":38,"column":2},"end":{"line":38,"column":10}},"loc":{"start":{"line":38,"column":10},"end":{"line":52,"column":null}},"line":38}},"branchMap":{"0":{"loc":{"start":{"line":47,"column":10},"end":{"line":51,"column":null}},"type":"cond-expr","locations":[{"start":{"line":48,"column":10},"end":{"line":49,"column":10}},{"start":{"line":49,"column":9},"end":{"line":51,"column":null}}],"line":47}},"s":{"0":0,"1":0,"2":0,"3":0,"4":0,"5":0,"6":0,"7":0,"8":0,"9":0},"f":{"0":0,"1":0,"2":0,"3":0,"4":0,"5":0},"b":{"0":[0,0]},"meta":{"lastBranch":1,"lastFunction":6,"lastStatement":10,"seen":{"s:25:2:33:Infinity":0,"f:17:2:17:14":0,"s:18:4:18:Infinity":1,"s:19:4:22:Infinity":2,"f:25:2:25:18":1,"s:26:4:26:Infinity":3,"s:27:4:33:Infinity":4,"f:28:5:28:11":2,"s:28:24:28:39":5,"f:29:5:29:11":3,"s:29:20:29:76":6,"f:30:5:30:12":4,"s:31:2:31:Infinity":7,"s:32:2:32:Infinity":8,"f:38:2:38:10":5,"s:40:4:52:Infinity":9,"b:48:10:49:10:49:9:51:Infinity":0}}}
,"D:\\WebstormProjects\\rs-1\\my-react-app\\src\\main.tsx": {"path":"D:\\WebstormProjects\\rs-1\\my-react-app\\src\\main.tsx","statementMap":{"0":{"start":{"line":6,"column":0},"end":{"line":10,"column":null}}},"fnMap":{},"branchMap":{},"s":{"0":0},"f":{},"b":{},"meta":{"lastBranch":0,"lastFunction":0,"lastStatement":1,"seen":{"s:6:0:10:Infinity":0}}}
,"D:\\WebstormProjects\\rs-1\\my-react-app\\src\\components\\BugButton.tsx": {"path":"D:\\WebstormProjects\\rs-1\\my-react-app\\src\\components\\BugButton.tsx","statementMap":{"0":{"start":{"line":5,"column":12},"end":{"line":6,"column":null}},"1":{"start":{"line":9,"column":4},"end":{"line":11,"column":null}},"2":{"start":{"line":10,"column":8},"end":{"line":10,"column":null}},"3":{"start":{"line":11,"column":8},"end":{"line":11,"column":null}},"4":{"start":{"line":15,"column":8},"end":{"line":16,"column":null}},"5":{"start":{"line":16,"column":12},"end":{"line":16,"column":null}},"6":{"start":{"line":18,"column":8},"end":{"line":22,"column":null}}},"fnMap":{"0":{"name":"(anonymous_0)","decl":{"start":{"line":9,"column":4},"end":{"line":9,"column":24}},"loc":{"start":{"line":9,"column":24},"end":{"line":11,"column":null}},"line":9},"1":{"name":"(anonymous_1)","decl":{"start":{"line":14,"column":4},"end":{"line":14,"column":13}},"loc":{"start":{"line":14,"column":13},"end":{"line":22,"column":null}},"line":14}},"branchMap":{"0":{"loc":{"start":{"line":15,"column":8},"end":{"line":16,"column":null}},"type":"if","locations":[{"start":{"line":15,"column":8},"end":{"line":16,"column":null}},{"start":{},"end":{}}],"line":15}},"s":{"0":0,"1":0,"2":0,"3":0,"4":0,"5":0,"6":0},"f":{"0":0,"1":0},"b":{"0":[0,0]},"meta":{"lastBranch":1,"lastFunction":2,"lastStatement":7,"seen":{"s:5:12:6:Infinity":0,"s:9:4:11:Infinity":1,"f:9:4:9:24":0,"s:10:8:10:Infinity":2,"s:11:8:11:Infinity":3,"f:14:4:14:13":1,"b:15:8:16:Infinity:undefined:undefined:undefined:undefined":0,"s:15:8:16:Infinity":4,"s:16:12:16:Infinity":5,"s:18:8:22:Infinity":6}}}
,"D:\\WebstormProjects\\rs-1\\my-react-app\\src\\components\\button.tsx": {"path":"D:\\WebstormProjects\\rs-1\\my-react-app\\src\\components\\button.tsx","statementMap":{"0":{"start":{"line":8,"column":8},"end":{"line":10,"column":null}}},"fnMap":{"0":{"name":"(anonymous_0)","decl":{"start":{"line":7,"column":4},"end":{"line":7,"column":13}},"loc":{"start":{"line":7,"column":13},"end":{"line":10,"column":null}},"line":7}},"branchMap":{},"s":{"0":1},"f":{"0":1},"b":{},"meta":{"lastBranch":0,"lastFunction":1,"lastStatement":1,"seen":{"f:7:4:7:13":0,"s:8:8:10:Infinity":0}}}
,"D:\\WebstormProjects\\rs-1\\my-react-app\\src\\components\\errorBoundry.tsx": {"path":"D:\\WebstormProjects\\rs-1\\my-react-app\\src\\components\\errorBoundry.tsx","statementMap":{"0":{"start":{"line":13,"column":8},"end":{"line":13,"column":null}},"1":{"start":{"line":14,"column":8},"end":{"line":16,"column":null}},"2":{"start":{"line":19,"column":4},"end":{"line":19,"column":null}},"3":{"start":{"line":22,"column":4},"end":{"line":22,"column":null}},"4":{"start":{"line":25,"column":4},"end":{"line":28,"column":null}},"5":{"start":{"line":26,"column":6},"end":{"line":28,"column":null}},"6":{"start":{"line":32,"column":4},"end":{"line":32,"column":null}}},"fnMap":{"0":{"name":"(anonymous_0)","decl":{"start":{"line":12,"column":4},"end":{"line":12,"column":16}},"loc":{"start":{"line":12,"column":30},"end":{"line":16,"column":null}},"line":12},"1":{"name":"(anonymous_1)","decl":{"start":{"line":18,"column":12},"end":{"line":18,"column":37}},"loc":{"start":{"line":18,"column":50},"end":{"line":19,"column":null}},"line":18},"2":{"name":"(anonymous_2)","decl":{"start":{"line":21,"column":3},"end":{"line":21,"column":21}},"loc":{"start":{"line":21,"column":57},"end":{"line":22,"column":null}},"line":21},"3":{"name":"(anonymous_3)","decl":{"start":{"line":24,"column":2},"end":{"line":24,"column":11}},"loc":{"start":{"line":24,"column":11},"end":{"line":32,"column":null}},"line":24}},"branchMap":{"0":{"loc":{"start":{"line":25,"column":4},"end":{"line":28,"column":null}},"type":"if","locations":[{"start":{"line":25,"column":4},"end":{"line":28,"column":null}},{"start":{},"end":{}}],"line":25}},"s":{"0":0,"1":0,"2":0,"3":0,"4":0,"5":0,"6":0},"f":{"0":0,"1":0,"2":0,"3":0},"b":{"0":[0,0]},"meta":{"lastBranch":1,"lastFunction":4,"lastStatement":7,"seen":{"f:12:4:12:16":0,"s:13:8:13:Infinity":0,"s:14:8:16:Infinity":1,"f:18:12:18:37":1,"s:19:4:19:Infinity":2,"f:21:3:21:21":2,"s:22:4:22:Infinity":3,"f:24:2:24:11":3,"b:25:4:28:Infinity:undefined:undefined:undefined:undefined":0,"s:25:4:28:Infinity":4,"s:26:6:28:Infinity":5,"s:32:4:32:Infinity":6}}}
,"D:\\WebstormProjects\\rs-1\\my-react-app\\src\\components\\results.tsx": {"path":"D:\\WebstormProjects\\rs-1\\my-react-app\\src\\components\\results.tsx","statementMap":{"0":{"start":{"line":16,"column":24},"end":{"line":16,"column":null}},"1":{"start":{"line":18,"column":8},"end":{"line":27,"column":null}},"2":{"start":{"line":22,"column":20},"end":{"line":25,"column":null}}},"fnMap":{"0":{"name":"(anonymous_0)","decl":{"start":{"line":15,"column":4},"end":{"line":15,"column":13}},"loc":{"start":{"line":15,"column":13},"end":{"line":27,"column":null}},"line":15},"1":{"name":"(anonymous_1)","decl":{"start":{"line":21,"column":23},"end":{"line":21,"column":28}},"loc":{"start":{"line":22,"column":20},"end":{"line":25,"column":null}},"line":22}},"branchMap":{},"s":{"0":0,"1":0,"2":0},"f":{"0":0,"1":0},"b":{},"meta":{"lastBranch":0,"lastFunction":2,"lastStatement":3,"seen":{"f:15:4:15:13":0,"s:16:24:16:Infinity":0,"s:18:8:27:Infinity":1,"f:21:23:21:28":1,"s:22:20:25:Infinity":2}}}
,"D:\\WebstormProjects\\rs-1\\my-react-app\\src\\components\\search.tsx": {"path":"D:\\WebstormProjects\\rs-1\\my-react-app\\src\\components\\search.tsx","statementMap":{"0":{"start":{"line":19,"column":4},"end":{"line":20,"column":null}},"1":{"start":{"line":23,"column":4},"end":{"line":24,"column":null}},"2":{"start":{"line":26,"column":4},"end":{"line":31,"column":null}},"3":{"start":{"line":11,"column":8},"end":{"line":11,"column":null}},"4":{"start":{"line":13,"column":8},"end":{"line":15,"column":null}},"5":{"start":{"line":20,"column":6},"end":{"line":20,"column":null}},"6":{"start":{"line":24,"column":8},"end":{"line":24,"column":null}},"7":{"start":{"line":27,"column":24},"end":{"line":27,"column":null}},"8":{"start":{"line":28,"column":8},"end":{"line":30,"column":null}},"9":{"start":{"line":31,"column":8},"end":{"line":31,"column":null}},"10":{"start":{"line":34,"column":8},"end":{"line":45,"column":null}}},"fnMap":{"0":{"name":"(anonymous_0)","decl":{"start":{"line":10,"column":4},"end":{"line":10,"column":16}},"loc":{"start":{"line":10,"column":28},"end":{"line":15,"column":null}},"line":10},"1":{"name":"(anonymous_1)","decl":{"start":{"line":19,"column":4},"end":{"line":19,"column":24}},"loc":{"start":{"line":19,"column":24},"end":{"line":20,"column":null}},"line":19},"2":{"name":"(anonymous_2)","decl":{"start":{"line":23,"column":4},"end":{"line":23,"column":21}},"loc":{"start":{"line":23,"column":47},"end":{"line":24,"column":null}},"line":23},"3":{"name":"(anonymous_3)","decl":{"start":{"line":26,"column":4},"end":{"line":26,"column":25}},"loc":{"start":{"line":26,"column":72},"end":{"line":31,"column":null}},"line":26},"4":{"name":"(anonymous_4)","decl":{"start":{"line":33,"column":4},"end":{"line":33,"column":13}},"loc":{"start":{"line":33,"column":13},"end":{"line":45,"column":null}},"line":33}},"branchMap":{"0":{"loc":{"start":{"line":14,"column":24},"end":{"line":14,"column":null}},"type":"binary-expr","locations":[{"start":{"line":14,"column":24},"end":{"line":14,"column":58}},{"start":{"line":14,"column":62},"end":{"line":14,"column":null}}],"line":14},"1":{"loc":{"start":{"line":24,"column":8},"end":{"line":24,"column":null}},"type":"cond-expr","locations":[{"start":{"line":24,"column":28},"end":{"line":24,"column":46}},{"start":{"line":24,"column":49},"end":{"line":24,"column":null}}],"line":24}},"s":{"0":0,"1":0,"2":0,"3":1,"4":1,"5":0,"6":0,"7":0,"8":0,"9":0,"10":1},"f":{"0":1,"1":0,"2":0,"3":0,"4":1},"b":{"0":[1,1],"1":[0,0]},"meta":{"lastBranch":2,"lastFunction":5,"lastStatement":11,"seen":{"s:19:4:20:Infinity":0,"s:23:4:24:Infinity":1,"s:26:4:31:Infinity":2,"f:10:4:10:16":0,"s:11:8:11:Infinity":3,"s:13:8:15:Infinity":4,"b:14:24:14:58:14:62:14:Infinity":0,"f:19:4:19:24":1,"s:20:6:20:Infinity":5,"f:23:4:23:21":2,"s:24:8:24:Infinity":6,"b:24:28:24:46:24:49:24:Infinity":1,"f:26:4:26:25":3,"s:27:24:27:Infinity":7,"s:28:8:30:Infinity":8,"s:31:8:31:Infinity":9,"f:33:4:33:13":4,"s:34:8:45:Infinity":10}}}
}
